The system is: Darwin - 21.4.0 - x86_64
Compiling the CXX compiler identification source file "CMakeCXXCompilerId.cpp" succeeded.
Compiler: /Applications/Xcode_13.3.0_rc1_fb.app/Contents/Developer/Toolchains/XcodeDefault.xctoolchain/usr/bin/c++ 
Build flags: 
Id flags: -c 

The output was:
0


Compilation of the CXX compiler identification source "CMakeCXXCompilerId.cpp" produced "CMakeCXXCompilerId.o"

The CXX compiler identification is AppleClang, found in "/Users/stumpos/code/bm_new/beanmachine/src/beanmachine/ppl/compiler/paic/mlir/bm_build/CMakeFiles/3.22.3/CompilerIdCXX/CMakeCXXCompilerId.o"

Compiling the C compiler identification source file "CMakeCCompilerId.c" succeeded.
Compiler: /Applications/Xcode_13.3.0_rc1_fb.app/Contents/Developer/Toolchains/XcodeDefault.xctoolchain/usr/bin/cc 
Build flags: 
Id flags: -c 

The output was:
0


Compilation of the C compiler identification source "CMakeCCompilerId.c" produced "CMakeCCompilerId.o"

The C compiler identification is AppleClang, found in "/Users/stumpos/code/bm_new/beanmachine/src/beanmachine/ppl/compiler/paic/mlir/bm_build/CMakeFiles/3.22.3/CompilerIdC/CMakeCCompilerId.o"

Detecting CXX compiler ABI info compiled with the following output:
Change Dir: /Users/stumpos/code/bm_new/beanmachine/src/beanmachine/ppl/compiler/paic/mlir/bm_build/CMakeFiles/CMakeTmp

Run Build Command(s):/usr/local/bin/ninja cmTC_9785d && [1/2] Building CXX object CMakeFiles/cmTC_9785d.dir/CMakeCXXCompilerABI.cpp.o
Apple clang version 13.1.6 (clang-1316.0.21.2)
Target: x86_64-apple-darwin21.4.0
Thread model: posix
InstalledDir: /Applications/Xcode_13.3.0_rc1_fb.app/Contents/Developer/Toolchains/XcodeDefault.xctoolchain/usr/bin
clang: warning: -Wl,-v: 'linker' input unused [-Wunused-command-line-argument]
 "/Applications/Xcode_13.3.0_rc1_fb.app/Contents/Developer/Toolchains/XcodeDefault.xctoolchain/usr/bin/clang" -cc1 -triple x86_64-apple-macosx12.0.0 -Wundef-prefix=TARGET_OS_ -Wdeprecated-objc-isa-usage -Werror=deprecated-objc-isa-usage -Werror=implicit-function-declaration -emit-obj -mrelax-all --mrelax-relocations -disable-free -disable-llvm-verifier -discard-value-names -main-file-name CMakeCXXCompilerABI.cpp -mrelocation-model pic -pic-level 2 -mframe-pointer=all -fno-strict-return -fno-rounding-math -munwind-tables -target-sdk-version=12.3 -fvisibility-inlines-hidden-static-local-var -target-cpu penryn -tune-cpu generic -debugger-tuning=lldb -target-linker-version 762 -v -resource-dir /Applications/Xcode_13.3.0_rc1_fb.app/Contents/Developer/Toolchains/XcodeDefault.xctoolchain/usr/lib/clang/13.1.6 -dependency-file CMakeFiles/cmTC_9785d.dir/CMakeCXXCompilerABI.cpp.o.d -skip-unused-modulemap-deps -MT CMakeFiles/cmTC_9785d.dir/CMakeCXXCompilerABI.cpp.o -sys-header-deps -isysroot /Applications/Xcode_13.3.0_rc1_fb.app/Contents/Developer/Platforms/MacOSX.platform/Developer/SDKs/MacOSX12.3.sdk -cxx-isystem /usr/local/compiler/clang+llvm-14.0.0-x86_64-apple-darwin/include/c++/v1 -cxx-isystem /Library/Developer/CommandLineTools/SDKs/MacOSX12.3.sdk/usr/include -stdlib=libc++ -internal-isystem /Applications/Xcode_13.3.0_rc1_fb.app/Contents/Developer/Platforms/MacOSX.platform/Developer/SDKs/MacOSX12.3.sdk/usr/include/c++/v1 -internal-isystem /Applications/Xcode_13.3.0_rc1_fb.app/Contents/Developer/Platforms/MacOSX.platform/Developer/SDKs/MacOSX12.3.sdk/usr/local/include -internal-isystem /Applications/Xcode_13.3.0_rc1_fb.app/Contents/Developer/Toolchains/XcodeDefault.xctoolchain/usr/lib/clang/13.1.6/include -internal-externc-isystem /Applications/Xcode_13.3.0_rc1_fb.app/Contents/Developer/Platforms/MacOSX.platform/Developer/SDKs/MacOSX12.3.sdk/usr/include -internal-externc-isystem /Applications/Xcode_13.3.0_rc1_fb.app/Contents/Developer/Toolchains/XcodeDefault.xctoolchain/usr/include -Wno-reorder-init-list -Wno-implicit-int-float-conversion -Wno-c99-designator -Wno-final-dtor-non-final-class -Wno-extra-semi-stmt -Wno-misleading-indentation -Wno-quoted-include-in-framework-header -Wno-implicit-fallthrough -Wno-enum-enum-conversion -Wno-enum-float-conversion -Wno-elaborated-enum-base -Wno-reserved-identifier -Wno-gnu-folding-constant -Wno-objc-load-method -fdeprecated-macro -fdebug-compilation-dir=/Users/stumpos/code/bm_new/beanmachine/src/beanmachine/ppl/compiler/paic/mlir/bm_build/CMakeFiles/CMakeTmp -ferror-limit 19 -stack-protector 1 -fstack-check -mdarwin-stkchk-strong-link -fblocks -fencode-extended-block-signature -fregister-global-dtors-with-atexit -fgnuc-version=4.2.1 -fno-cxx-modules -fcxx-exceptions -fexceptions -fmax-type-align=16 -fcommon -clang-vendor-feature=+messageToSelfInClassMethodIdReturnType -clang-vendor-feature=+disableInferNewAvailabilityFromInit -clang-vendor-feature=+disableNonDependentMemberExprInCurrentInstantiation -fno-odr-hash-protocols -clang-vendor-feature=+enableAggressiveVLAFolding -clang-vendor-feature=+revert09abecef7bbf -clang-vendor-feature=+thisNoAlignAttr -clang-vendor-feature=+thisNoNullAttr -mllvm -disable-aligned-alloc-awareness=1 -D__GCC_HAVE_DWARF2_CFI_ASM=1 -o CMakeFiles/cmTC_9785d.dir/CMakeCXXCompilerABI.cpp.o -x c++ /Applications/CLion.app/Contents/bin/cmake/mac/share/cmake-3.22/Modules/CMakeCXXCompilerABI.cpp
clang -cc1 version 13.1.6 (clang-1316.0.21.2) default target x86_64-apple-darwin21.4.0
ignoring nonexistent directory "/Applications/Xcode_13.3.0_rc1_fb.app/Contents/Developer/Platforms/MacOSX.platform/Developer/SDKs/MacOSX12.3.sdk/usr/local/include"
ignoring nonexistent directory "/Applications/Xcode_13.3.0_rc1_fb.app/Contents/Developer/Platforms/MacOSX.platform/Developer/SDKs/MacOSX12.3.sdk/Library/Frameworks"
#include "..." search starts here:
#include <...> search starts here:
 /usr/local/compiler/clang+llvm-14.0.0-x86_64-apple-darwin/include/c++/v1
 /Library/Developer/CommandLineTools/SDKs/MacOSX12.3.sdk/usr/include
 /Applications/Xcode_13.3.0_rc1_fb.app/Contents/Developer/Platforms/MacOSX.platform/Developer/SDKs/MacOSX12.3.sdk/usr/include/c++/v1
 /Applications/Xcode_13.3.0_rc1_fb.app/Contents/Developer/Toolchains/XcodeDefault.xctoolchain/usr/lib/clang/13.1.6/include
 /Applications/Xcode_13.3.0_rc1_fb.app/Contents/Developer/Platforms/MacOSX.platform/Developer/SDKs/MacOSX12.3.sdk/usr/include
 /Applications/Xcode_13.3.0_rc1_fb.app/Contents/Developer/Toolchains/XcodeDefault.xctoolchain/usr/include
 /Applications/Xcode_13.3.0_rc1_fb.app/Contents/Developer/Platforms/MacOSX.platform/Developer/SDKs/MacOSX12.3.sdk/System/Library/Frameworks (framework directory)
End of search list.
[2/2] Linking CXX executable cmTC_9785d
Apple clang version 13.1.6 (clang-1316.0.21.2)
Target: x86_64-apple-darwin21.4.0
Thread model: posix
InstalledDir: /Applications/Xcode_13.3.0_rc1_fb.app/Contents/Developer/Toolchains/XcodeDefault.xctoolchain/usr/bin
 "/Applications/Xcode_13.3.0_rc1_fb.app/Contents/Developer/Toolchains/XcodeDefault.xctoolchain/usr/bin/ld" -demangle -lto_library /Applications/Xcode_13.3.0_rc1_fb.app/Contents/Developer/Toolchains/XcodeDefault.xctoolchain/usr/lib/libLTO.dylib -dynamic -arch x86_64 -platform_version macos 12.0.0 12.3 -syslibroot /Applications/Xcode_13.3.0_rc1_fb.app/Contents/Developer/Platforms/MacOSX.platform/Developer/SDKs/MacOSX12.3.sdk -o cmTC_9785d -search_paths_first -headerpad_max_install_names -v CMakeFiles/cmTC_9785d.dir/CMakeCXXCompilerABI.cpp.o -lc++ -lSystem /Applications/Xcode_13.3.0_rc1_fb.app/Contents/Developer/Toolchains/XcodeDefault.xctoolchain/usr/lib/clang/13.1.6/lib/darwin/libclang_rt.osx.a
@(#)PROGRAM:ld  PROJECT:ld64-762
BUILD 06:28:45 Feb 18 2022
configured to support archs: armv6 armv7 armv7s arm64 arm64e arm64_32 i386 x86_64 x86_64h armv6m armv7k armv7m armv7em
Library search paths:
	/Applications/Xcode_13.3.0_rc1_fb.app/Contents/Developer/Platforms/MacOSX.platform/Developer/SDKs/MacOSX12.3.sdk/usr/lib
Framework search paths:
	/Applications/Xcode_13.3.0_rc1_fb.app/Contents/Developer/Platforms/MacOSX.platform/Developer/SDKs/MacOSX12.3.sdk/System/Library/Frameworks/



Parsed CXX implicit include dir info from above output: rv=done
  found start of include info
  found start of implicit include info
    add: [/usr/local/compiler/clang+llvm-14.0.0-x86_64-apple-darwin/include/c++/v1]
    add: [/Library/Developer/CommandLineTools/SDKs/MacOSX12.3.sdk/usr/include]
    add: [/Applications/Xcode_13.3.0_rc1_fb.app/Contents/Developer/Platforms/MacOSX.platform/Developer/SDKs/MacOSX12.3.sdk/usr/include/c++/v1]
    add: [/Applications/Xcode_13.3.0_rc1_fb.app/Contents/Developer/Toolchains/XcodeDefault.xctoolchain/usr/lib/clang/13.1.6/include]
    add: [/Applications/Xcode_13.3.0_rc1_fb.app/Contents/Developer/Platforms/MacOSX.platform/Developer/SDKs/MacOSX12.3.sdk/usr/include]
    add: [/Applications/Xcode_13.3.0_rc1_fb.app/Contents/Developer/Toolchains/XcodeDefault.xctoolchain/usr/include]
  end of search list found
  collapse include dir [/usr/local/compiler/clang+llvm-14.0.0-x86_64-apple-darwin/include/c++/v1] ==> [/usr/local/compiler/clang+llvm-14.0.0-x86_64-apple-darwin/include/c++/v1]
  collapse include dir [/Library/Developer/CommandLineTools/SDKs/MacOSX12.3.sdk/usr/include] ==> [/Library/Developer/CommandLineTools/SDKs/MacOSX12.3.sdk/usr/include]
  collapse include dir [/Applications/Xcode_13.3.0_rc1_fb.app/Contents/Developer/Platforms/MacOSX.platform/Developer/SDKs/MacOSX12.3.sdk/usr/include/c++/v1] ==> [/Applications/Xcode_13.3.0_rc1_fb.app/Contents/Developer/Platforms/MacOSX.platform/Developer/SDKs/MacOSX12.3.sdk/usr/include/c++/v1]
  collapse include dir [/Applications/Xcode_13.3.0_rc1_fb.app/Contents/Developer/Toolchains/XcodeDefault.xctoolchain/usr/lib/clang/13.1.6/include] ==> [/Applications/Xcode_13.3.0_rc1_fb.app/Contents/Developer/Toolchains/XcodeDefault.xctoolchain/usr/lib/clang/13.1.6/include]
  collapse include dir [/Applications/Xcode_13.3.0_rc1_fb.app/Contents/Developer/Platforms/MacOSX.platform/Developer/SDKs/MacOSX12.3.sdk/usr/include] ==> [/Applications/Xcode_13.3.0_rc1_fb.app/Contents/Developer/Platforms/MacOSX.platform/Developer/SDKs/MacOSX12.3.sdk/usr/include]
  collapse include dir [/Applications/Xcode_13.3.0_rc1_fb.app/Contents/Developer/Toolchains/XcodeDefault.xctoolchain/usr/include] ==> [/Applications/Xcode_13.3.0_rc1_fb.app/Contents/Developer/Toolchains/XcodeDefault.xctoolchain/usr/include]
  implicit include dirs: [/usr/local/compiler/clang+llvm-14.0.0-x86_64-apple-darwin/include/c++/v1;/Library/Developer/CommandLineTools/SDKs/MacOSX12.3.sdk/usr/include;/Applications/Xcode_13.3.0_rc1_fb.app/Contents/Developer/Platforms/MacOSX.platform/Developer/SDKs/MacOSX12.3.sdk/usr/include/c++/v1;/Applications/Xcode_13.3.0_rc1_fb.app/Contents/Developer/Toolchains/XcodeDefault.xctoolchain/usr/lib/clang/13.1.6/include;/Applications/Xcode_13.3.0_rc1_fb.app/Contents/Developer/Platforms/MacOSX.platform/Developer/SDKs/MacOSX12.3.sdk/usr/include;/Applications/Xcode_13.3.0_rc1_fb.app/Contents/Developer/Toolchains/XcodeDefault.xctoolchain/usr/include]


Parsed CXX implicit link information from above output:
  link line regex: [^( *|.*[/\])(ld|CMAKE_LINK_STARTFILE-NOTFOUND|([^/\]+-)?ld|collect2)[^/\]*( |$)]
  ignore line: [Change Dir: /Users/stumpos/code/bm_new/beanmachine/src/beanmachine/ppl/compiler/paic/mlir/bm_build/CMakeFiles/CMakeTmp]
  ignore line: []
  ignore line: [Run Build Command(s):/usr/local/bin/ninja cmTC_9785d && [1/2] Building CXX object CMakeFiles/cmTC_9785d.dir/CMakeCXXCompilerABI.cpp.o]
  ignore line: [Apple clang version 13.1.6 (clang-1316.0.21.2)]
  ignore line: [Target: x86_64-apple-darwin21.4.0]
  ignore line: [Thread model: posix]
  ignore line: [InstalledDir: /Applications/Xcode_13.3.0_rc1_fb.app/Contents/Developer/Toolchains/XcodeDefault.xctoolchain/usr/bin]
  ignore line: [clang: warning: -Wl -v: 'linker' input unused [-Wunused-command-line-argument]]
  ignore line: [ "/Applications/Xcode_13.3.0_rc1_fb.app/Contents/Developer/Toolchains/XcodeDefault.xctoolchain/usr/bin/clang" -cc1 -triple x86_64-apple-macosx12.0.0 -Wundef-prefix=TARGET_OS_ -Wdeprecated-objc-isa-usage -Werror=deprecated-objc-isa-usage -Werror=implicit-function-declaration -emit-obj -mrelax-all --mrelax-relocations -disable-free -disable-llvm-verifier -discard-value-names -main-file-name CMakeCXXCompilerABI.cpp -mrelocation-model pic -pic-level 2 -mframe-pointer=all -fno-strict-return -fno-rounding-math -munwind-tables -target-sdk-version=12.3 -fvisibility-inlines-hidden-static-local-var -target-cpu penryn -tune-cpu generic -debugger-tuning=lldb -target-linker-version 762 -v -resource-dir /Applications/Xcode_13.3.0_rc1_fb.app/Contents/Developer/Toolchains/XcodeDefault.xctoolchain/usr/lib/clang/13.1.6 -dependency-file CMakeFiles/cmTC_9785d.dir/CMakeCXXCompilerABI.cpp.o.d -skip-unused-modulemap-deps -MT CMakeFiles/cmTC_9785d.dir/CMakeCXXCompilerABI.cpp.o -sys-header-deps -isysroot /Applications/Xcode_13.3.0_rc1_fb.app/Contents/Developer/Platforms/MacOSX.platform/Developer/SDKs/MacOSX12.3.sdk -cxx-isystem /usr/local/compiler/clang+llvm-14.0.0-x86_64-apple-darwin/include/c++/v1 -cxx-isystem /Library/Developer/CommandLineTools/SDKs/MacOSX12.3.sdk/usr/include -stdlib=libc++ -internal-isystem /Applications/Xcode_13.3.0_rc1_fb.app/Contents/Developer/Platforms/MacOSX.platform/Developer/SDKs/MacOSX12.3.sdk/usr/include/c++/v1 -internal-isystem /Applications/Xcode_13.3.0_rc1_fb.app/Contents/Developer/Platforms/MacOSX.platform/Developer/SDKs/MacOSX12.3.sdk/usr/local/include -internal-isystem /Applications/Xcode_13.3.0_rc1_fb.app/Contents/Developer/Toolchains/XcodeDefault.xctoolchain/usr/lib/clang/13.1.6/include -internal-externc-isystem /Applications/Xcode_13.3.0_rc1_fb.app/Contents/Developer/Platforms/MacOSX.platform/Developer/SDKs/MacOSX12.3.sdk/usr/include -internal-externc-isystem /Applications/Xcode_13.3.0_rc1_fb.app/Contents/Developer/Toolchains/XcodeDefault.xctoolchain/usr/include -Wno-reorder-init-list -Wno-implicit-int-float-conversion -Wno-c99-designator -Wno-final-dtor-non-final-class -Wno-extra-semi-stmt -Wno-misleading-indentation -Wno-quoted-include-in-framework-header -Wno-implicit-fallthrough -Wno-enum-enum-conversion -Wno-enum-float-conversion -Wno-elaborated-enum-base -Wno-reserved-identifier -Wno-gnu-folding-constant -Wno-objc-load-method -fdeprecated-macro -fdebug-compilation-dir=/Users/stumpos/code/bm_new/beanmachine/src/beanmachine/ppl/compiler/paic/mlir/bm_build/CMakeFiles/CMakeTmp -ferror-limit 19 -stack-protector 1 -fstack-check -mdarwin-stkchk-strong-link -fblocks -fencode-extended-block-signature -fregister-global-dtors-with-atexit -fgnuc-version=4.2.1 -fno-cxx-modules -fcxx-exceptions -fexceptions -fmax-type-align=16 -fcommon -clang-vendor-feature=+messageToSelfInClassMethodIdReturnType -clang-vendor-feature=+disableInferNewAvailabilityFromInit -clang-vendor-feature=+disableNonDependentMemberExprInCurrentInstantiation -fno-odr-hash-protocols -clang-vendor-feature=+enableAggressiveVLAFolding -clang-vendor-feature=+revert09abecef7bbf -clang-vendor-feature=+thisNoAlignAttr -clang-vendor-feature=+thisNoNullAttr -mllvm -disable-aligned-alloc-awareness=1 -D__GCC_HAVE_DWARF2_CFI_ASM=1 -o CMakeFiles/cmTC_9785d.dir/CMakeCXXCompilerABI.cpp.o -x c++ /Applications/CLion.app/Contents/bin/cmake/mac/share/cmake-3.22/Modules/CMakeCXXCompilerABI.cpp]
  ignore line: [clang -cc1 version 13.1.6 (clang-1316.0.21.2) default target x86_64-apple-darwin21.4.0]
  ignore line: [ignoring nonexistent directory "/Applications/Xcode_13.3.0_rc1_fb.app/Contents/Developer/Platforms/MacOSX.platform/Developer/SDKs/MacOSX12.3.sdk/usr/local/include"]
  ignore line: [ignoring nonexistent directory "/Applications/Xcode_13.3.0_rc1_fb.app/Contents/Developer/Platforms/MacOSX.platform/Developer/SDKs/MacOSX12.3.sdk/Library/Frameworks"]
  ignore line: [#include "..." search starts here:]
  ignore line: [#include <...> search starts here:]
  ignore line: [ /usr/local/compiler/clang+llvm-14.0.0-x86_64-apple-darwin/include/c++/v1]
  ignore line: [ /Library/Developer/CommandLineTools/SDKs/MacOSX12.3.sdk/usr/include]
  ignore line: [ /Applications/Xcode_13.3.0_rc1_fb.app/Contents/Developer/Platforms/MacOSX.platform/Developer/SDKs/MacOSX12.3.sdk/usr/include/c++/v1]
  ignore line: [ /Applications/Xcode_13.3.0_rc1_fb.app/Contents/Developer/Toolchains/XcodeDefault.xctoolchain/usr/lib/clang/13.1.6/include]
  ignore line: [ /Applications/Xcode_13.3.0_rc1_fb.app/Contents/Developer/Platforms/MacOSX.platform/Developer/SDKs/MacOSX12.3.sdk/usr/include]
  ignore line: [ /Applications/Xcode_13.3.0_rc1_fb.app/Contents/Developer/Toolchains/XcodeDefault.xctoolchain/usr/include]
  ignore line: [ /Applications/Xcode_13.3.0_rc1_fb.app/Contents/Developer/Platforms/MacOSX.platform/Developer/SDKs/MacOSX12.3.sdk/System/Library/Frameworks (framework directory)]
  ignore line: [End of search list.]
  ignore line: [[2/2] Linking CXX executable cmTC_9785d]
  ignore line: [Apple clang version 13.1.6 (clang-1316.0.21.2)]
  ignore line: [Target: x86_64-apple-darwin21.4.0]
  ignore line: [Thread model: posix]
  ignore line: [InstalledDir: /Applications/Xcode_13.3.0_rc1_fb.app/Contents/Developer/Toolchains/XcodeDefault.xctoolchain/usr/bin]
  link line: [ "/Applications/Xcode_13.3.0_rc1_fb.app/Contents/Developer/Toolchains/XcodeDefault.xctoolchain/usr/bin/ld" -demangle -lto_library /Applications/Xcode_13.3.0_rc1_fb.app/Contents/Developer/Toolchains/XcodeDefault.xctoolchain/usr/lib/libLTO.dylib -dynamic -arch x86_64 -platform_version macos 12.0.0 12.3 -syslibroot /Applications/Xcode_13.3.0_rc1_fb.app/Contents/Developer/Platforms/MacOSX.platform/Developer/SDKs/MacOSX12.3.sdk -o cmTC_9785d -search_paths_first -headerpad_max_install_names -v CMakeFiles/cmTC_9785d.dir/CMakeCXXCompilerABI.cpp.o -lc++ -lSystem /Applications/Xcode_13.3.0_rc1_fb.app/Contents/Developer/Toolchains/XcodeDefault.xctoolchain/usr/lib/clang/13.1.6/lib/darwin/libclang_rt.osx.a]
    arg [/Applications/Xcode_13.3.0_rc1_fb.app/Contents/Developer/Toolchains/XcodeDefault.xctoolchain/usr/bin/ld] ==> ignore
    arg [-demangle] ==> ignore
    arg [-lto_library] ==> ignore, skip following value
    arg [/Applications/Xcode_13.3.0_rc1_fb.app/Contents/Developer/Toolchains/XcodeDefault.xctoolchain/usr/lib/libLTO.dylib] ==> skip value of -lto_library
    arg [-dynamic] ==> ignore
    arg [-arch] ==> ignore
    arg [x86_64] ==> ignore
    arg [-platform_version] ==> ignore
    arg [macos] ==> ignore
    arg [12.0.0] ==> ignore
    arg [12.3] ==> ignore
    arg [-syslibroot] ==> ignore
    arg [/Applications/Xcode_13.3.0_rc1_fb.app/Contents/Developer/Platforms/MacOSX.platform/Developer/SDKs/MacOSX12.3.sdk] ==> ignore
    arg [-o] ==> ignore
    arg [cmTC_9785d] ==> ignore
    arg [-search_paths_first] ==> ignore
    arg [-headerpad_max_install_names] ==> ignore
    arg [-v] ==> ignore
    arg [CMakeFiles/cmTC_9785d.dir/CMakeCXXCompilerABI.cpp.o] ==> ignore
    arg [-lc++] ==> lib [c++]
    arg [-lSystem] ==> lib [System]
    arg [/Applications/Xcode_13.3.0_rc1_fb.app/Contents/Developer/Toolchains/XcodeDefault.xctoolchain/usr/lib/clang/13.1.6/lib/darwin/libclang_rt.osx.a] ==> lib [/Applications/Xcode_13.3.0_rc1_fb.app/Contents/Developer/Toolchains/XcodeDefault.xctoolchain/usr/lib/clang/13.1.6/lib/darwin/libclang_rt.osx.a]
  Library search paths: [;/Applications/Xcode_13.3.0_rc1_fb.app/Contents/Developer/Platforms/MacOSX.platform/Developer/SDKs/MacOSX12.3.sdk/usr/lib]
  Framework search paths: [;/Applications/Xcode_13.3.0_rc1_fb.app/Contents/Developer/Platforms/MacOSX.platform/Developer/SDKs/MacOSX12.3.sdk/System/Library/Frameworks/]
  remove lib [System]
  remove lib [/Applications/Xcode_13.3.0_rc1_fb.app/Contents/Developer/Toolchains/XcodeDefault.xctoolchain/usr/lib/clang/13.1.6/lib/darwin/libclang_rt.osx.a]
  collapse library dir [/Applications/Xcode_13.3.0_rc1_fb.app/Contents/Developer/Platforms/MacOSX.platform/Developer/SDKs/MacOSX12.3.sdk/usr/lib] ==> [/Applications/Xcode_13.3.0_rc1_fb.app/Contents/Developer/Platforms/MacOSX.platform/Developer/SDKs/MacOSX12.3.sdk/usr/lib]
  collapse framework dir [/Applications/Xcode_13.3.0_rc1_fb.app/Contents/Developer/Platforms/MacOSX.platform/Developer/SDKs/MacOSX12.3.sdk/System/Library/Frameworks/] ==> [/Applications/Xcode_13.3.0_rc1_fb.app/Contents/Developer/Platforms/MacOSX.platform/Developer/SDKs/MacOSX12.3.sdk/System/Library/Frameworks]
  implicit libs: [c++]
  implicit objs: []
  implicit dirs: [/Applications/Xcode_13.3.0_rc1_fb.app/Contents/Developer/Platforms/MacOSX.platform/Developer/SDKs/MacOSX12.3.sdk/usr/lib]
  implicit fwks: [/Applications/Xcode_13.3.0_rc1_fb.app/Contents/Developer/Platforms/MacOSX.platform/Developer/SDKs/MacOSX12.3.sdk/System/Library/Frameworks]


Detecting C compiler ABI info compiled with the following output:
Change Dir: /Users/stumpos/code/bm_new/beanmachine/src/beanmachine/ppl/compiler/paic/mlir/bm_build/CMakeFiles/CMakeTmp

Run Build Command(s):/usr/local/bin/ninja cmTC_fe072 && [1/2] Building C object CMakeFiles/cmTC_fe072.dir/CMakeCCompilerABI.c.o
Apple clang version 13.1.6 (clang-1316.0.21.2)
Target: x86_64-apple-darwin21.4.0
Thread model: posix
InstalledDir: /Applications/Xcode_13.3.0_rc1_fb.app/Contents/Developer/Toolchains/XcodeDefault.xctoolchain/usr/bin
clang: warning: -Wl,-v: 'linker' input unused [-Wunused-command-line-argument]
 "/Applications/Xcode_13.3.0_rc1_fb.app/Contents/Developer/Toolchains/XcodeDefault.xctoolchain/usr/bin/clang" -cc1 -triple x86_64-apple-macosx12.0.0 -Wundef-prefix=TARGET_OS_ -Wdeprecated-objc-isa-usage -Werror=deprecated-objc-isa-usage -Werror=implicit-function-declaration -emit-obj -mrelax-all --mrelax-relocations -disable-free -disable-llvm-verifier -discard-value-names -main-file-name CMakeCCompilerABI.c -mrelocation-model pic -pic-level 2 -mframe-pointer=all -fno-strict-return -fno-rounding-math -munwind-tables -target-sdk-version=12.3 -fvisibility-inlines-hidden-static-local-var -target-cpu penryn -tune-cpu generic -debugger-tuning=lldb -target-linker-version 762 -v -resource-dir /Applications/Xcode_13.3.0_rc1_fb.app/Contents/Developer/Toolchains/XcodeDefault.xctoolchain/usr/lib/clang/13.1.6 -dependency-file CMakeFiles/cmTC_fe072.dir/CMakeCCompilerABI.c.o.d -skip-unused-modulemap-deps -MT CMakeFiles/cmTC_fe072.dir/CMakeCCompilerABI.c.o -sys-header-deps -isysroot /Applications/Xcode_13.3.0_rc1_fb.app/Contents/Developer/Platforms/MacOSX.platform/Developer/SDKs/MacOSX12.3.sdk -cxx-isystem /usr/local/compiler/clang+llvm-14.0.0-x86_64-apple-darwin/include/c++/v1 -cxx-isystem /Library/Developer/CommandLineTools/SDKs/MacOSX12.3.sdk/usr/include -internal-isystem /Applications/Xcode_13.3.0_rc1_fb.app/Contents/Developer/Platforms/MacOSX.platform/Developer/SDKs/MacOSX12.3.sdk/usr/local/include -internal-isystem /Applications/Xcode_13.3.0_rc1_fb.app/Contents/Developer/Toolchains/XcodeDefault.xctoolchain/usr/lib/clang/13.1.6/include -internal-externc-isystem /Applications/Xcode_13.3.0_rc1_fb.app/Contents/Developer/Platforms/MacOSX.platform/Developer/SDKs/MacOSX12.3.sdk/usr/include -internal-externc-isystem /Applications/Xcode_13.3.0_rc1_fb.app/Contents/Developer/Toolchains/XcodeDefault.xctoolchain/usr/include -Wno-reorder-init-list -Wno-implicit-int-float-conversion -Wno-c99-designator -Wno-final-dtor-non-final-class -Wno-extra-semi-stmt -Wno-misleading-indentation -Wno-quoted-include-in-framework-header -Wno-implicit-fallthrough -Wno-enum-enum-conversion -Wno-enum-float-conversion -Wno-elaborated-enum-base -Wno-reserved-identifier -Wno-gnu-folding-constant -Wno-objc-load-method -fdebug-compilation-dir=/Users/stumpos/code/bm_new/beanmachine/src/beanmachine/ppl/compiler/paic/mlir/bm_build/CMakeFiles/CMakeTmp -ferror-limit 19 -stack-protector 1 -fstack-check -mdarwin-stkchk-strong-link -fblocks -fencode-extended-block-signature -fregister-global-dtors-with-atexit -fgnuc-version=4.2.1 -fmax-type-align=16 -fcommon -clang-vendor-feature=+messageToSelfInClassMethodIdReturnType -clang-vendor-feature=+disableInferNewAvailabilityFromInit -clang-vendor-feature=+disableNonDependentMemberExprInCurrentInstantiation -fno-odr-hash-protocols -clang-vendor-feature=+enableAggressiveVLAFolding -clang-vendor-feature=+revert09abecef7bbf -clang-vendor-feature=+thisNoAlignAttr -clang-vendor-feature=+thisNoNullAttr -mllvm -disable-aligned-alloc-awareness=1 -D__GCC_HAVE_DWARF2_CFI_ASM=1 -o CMakeFiles/cmTC_fe072.dir/CMakeCCompilerABI.c.o -x c /Applications/CLion.app/Contents/bin/cmake/mac/share/cmake-3.22/Modules/CMakeCCompilerABI.c
clang -cc1 version 13.1.6 (clang-1316.0.21.2) default target x86_64-apple-darwin21.4.0
ignoring nonexistent directory "/Applications/Xcode_13.3.0_rc1_fb.app/Contents/Developer/Platforms/MacOSX.platform/Developer/SDKs/MacOSX12.3.sdk/usr/local/include"
ignoring nonexistent directory "/Applications/Xcode_13.3.0_rc1_fb.app/Contents/Developer/Platforms/MacOSX.platform/Developer/SDKs/MacOSX12.3.sdk/Library/Frameworks"
#include "..." search starts here:
#include <...> search starts here:
 /Applications/Xcode_13.3.0_rc1_fb.app/Contents/Developer/Toolchains/XcodeDefault.xctoolchain/usr/lib/clang/13.1.6/include
 /Applications/Xcode_13.3.0_rc1_fb.app/Contents/Developer/Platforms/MacOSX.platform/Developer/SDKs/MacOSX12.3.sdk/usr/include
 /Applications/Xcode_13.3.0_rc1_fb.app/Contents/Developer/Toolchains/XcodeDefault.xctoolchain/usr/include
 /Applications/Xcode_13.3.0_rc1_fb.app/Contents/Developer/Platforms/MacOSX.platform/Developer/SDKs/MacOSX12.3.sdk/System/Library/Frameworks (framework directory)
End of search list.
[2/2] Linking C executable cmTC_fe072
Apple clang version 13.1.6 (clang-1316.0.21.2)
Target: x86_64-apple-darwin21.4.0
Thread model: posix
InstalledDir: /Applications/Xcode_13.3.0_rc1_fb.app/Contents/Developer/Toolchains/XcodeDefault.xctoolchain/usr/bin
 "/Applications/Xcode_13.3.0_rc1_fb.app/Contents/Developer/Toolchains/XcodeDefault.xctoolchain/usr/bin/ld" -demangle -lto_library /Applications/Xcode_13.3.0_rc1_fb.app/Contents/Developer/Toolchains/XcodeDefault.xctoolchain/usr/lib/libLTO.dylib -dynamic -arch x86_64 -platform_version macos 12.0.0 12.3 -syslibroot /Applications/Xcode_13.3.0_rc1_fb.app/Contents/Developer/Platforms/MacOSX.platform/Developer/SDKs/MacOSX12.3.sdk -o cmTC_fe072 -search_paths_first -headerpad_max_install_names -v CMakeFiles/cmTC_fe072.dir/CMakeCCompilerABI.c.o -lSystem /Applications/Xcode_13.3.0_rc1_fb.app/Contents/Developer/Toolchains/XcodeDefault.xctoolchain/usr/lib/clang/13.1.6/lib/darwin/libclang_rt.osx.a
@(#)PROGRAM:ld  PROJECT:ld64-762
BUILD 06:28:45 Feb 18 2022
configured to support archs: armv6 armv7 armv7s arm64 arm64e arm64_32 i386 x86_64 x86_64h armv6m armv7k armv7m armv7em
Library search paths:
	/Applications/Xcode_13.3.0_rc1_fb.app/Contents/Developer/Platforms/MacOSX.platform/Developer/SDKs/MacOSX12.3.sdk/usr/lib
Framework search paths:
	/Applications/Xcode_13.3.0_rc1_fb.app/Contents/Developer/Platforms/MacOSX.platform/Developer/SDKs/MacOSX12.3.sdk/System/Library/Frameworks/



Parsed C implicit include dir info from above output: rv=done
  found start of include info
  found start of implicit include info
    add: [/Applications/Xcode_13.3.0_rc1_fb.app/Contents/Developer/Toolchains/XcodeDefault.xctoolchain/usr/lib/clang/13.1.6/include]
    add: [/Applications/Xcode_13.3.0_rc1_fb.app/Contents/Developer/Platforms/MacOSX.platform/Developer/SDKs/MacOSX12.3.sdk/usr/include]
    add: [/Applications/Xcode_13.3.0_rc1_fb.app/Contents/Developer/Toolchains/XcodeDefault.xctoolchain/usr/include]
  end of search list found
  collapse include dir [/Applications/Xcode_13.3.0_rc1_fb.app/Contents/Developer/Toolchains/XcodeDefault.xctoolchain/usr/lib/clang/13.1.6/include] ==> [/Applications/Xcode_13.3.0_rc1_fb.app/Contents/Developer/Toolchains/XcodeDefault.xctoolchain/usr/lib/clang/13.1.6/include]
  collapse include dir [/Applications/Xcode_13.3.0_rc1_fb.app/Contents/Developer/Platforms/MacOSX.platform/Developer/SDKs/MacOSX12.3.sdk/usr/include] ==> [/Applications/Xcode_13.3.0_rc1_fb.app/Contents/Developer/Platforms/MacOSX.platform/Developer/SDKs/MacOSX12.3.sdk/usr/include]
  collapse include dir [/Applications/Xcode_13.3.0_rc1_fb.app/Contents/Developer/Toolchains/XcodeDefault.xctoolchain/usr/include] ==> [/Applications/Xcode_13.3.0_rc1_fb.app/Contents/Developer/Toolchains/XcodeDefault.xctoolchain/usr/include]
  implicit include dirs: [/Applications/Xcode_13.3.0_rc1_fb.app/Contents/Developer/Toolchains/XcodeDefault.xctoolchain/usr/lib/clang/13.1.6/include;/Applications/Xcode_13.3.0_rc1_fb.app/Contents/Developer/Platforms/MacOSX.platform/Developer/SDKs/MacOSX12.3.sdk/usr/include;/Applications/Xcode_13.3.0_rc1_fb.app/Contents/Developer/Toolchains/XcodeDefault.xctoolchain/usr/include]


Parsed C implicit link information from above output:
  link line regex: [^( *|.*[/\])(ld|CMAKE_LINK_STARTFILE-NOTFOUND|([^/\]+-)?ld|collect2)[^/\]*( |$)]
  ignore line: [Change Dir: /Users/stumpos/code/bm_new/beanmachine/src/beanmachine/ppl/compiler/paic/mlir/bm_build/CMakeFiles/CMakeTmp]
  ignore line: []
  ignore line: [Run Build Command(s):/usr/local/bin/ninja cmTC_fe072 && [1/2] Building C object CMakeFiles/cmTC_fe072.dir/CMakeCCompilerABI.c.o]
  ignore line: [Apple clang version 13.1.6 (clang-1316.0.21.2)]
  ignore line: [Target: x86_64-apple-darwin21.4.0]
  ignore line: [Thread model: posix]
  ignore line: [InstalledDir: /Applications/Xcode_13.3.0_rc1_fb.app/Contents/Developer/Toolchains/XcodeDefault.xctoolchain/usr/bin]
  ignore line: [clang: warning: -Wl -v: 'linker' input unused [-Wunused-command-line-argument]]
  ignore line: [ "/Applications/Xcode_13.3.0_rc1_fb.app/Contents/Developer/Toolchains/XcodeDefault.xctoolchain/usr/bin/clang" -cc1 -triple x86_64-apple-macosx12.0.0 -Wundef-prefix=TARGET_OS_ -Wdeprecated-objc-isa-usage -Werror=deprecated-objc-isa-usage -Werror=implicit-function-declaration -emit-obj -mrelax-all --mrelax-relocations -disable-free -disable-llvm-verifier -discard-value-names -main-file-name CMakeCCompilerABI.c -mrelocation-model pic -pic-level 2 -mframe-pointer=all -fno-strict-return -fno-rounding-math -munwind-tables -target-sdk-version=12.3 -fvisibility-inlines-hidden-static-local-var -target-cpu penryn -tune-cpu generic -debugger-tuning=lldb -target-linker-version 762 -v -resource-dir /Applications/Xcode_13.3.0_rc1_fb.app/Contents/Developer/Toolchains/XcodeDefault.xctoolchain/usr/lib/clang/13.1.6 -dependency-file CMakeFiles/cmTC_fe072.dir/CMakeCCompilerABI.c.o.d -skip-unused-modulemap-deps -MT CMakeFiles/cmTC_fe072.dir/CMakeCCompilerABI.c.o -sys-header-deps -isysroot /Applications/Xcode_13.3.0_rc1_fb.app/Contents/Developer/Platforms/MacOSX.platform/Developer/SDKs/MacOSX12.3.sdk -cxx-isystem /usr/local/compiler/clang+llvm-14.0.0-x86_64-apple-darwin/include/c++/v1 -cxx-isystem /Library/Developer/CommandLineTools/SDKs/MacOSX12.3.sdk/usr/include -internal-isystem /Applications/Xcode_13.3.0_rc1_fb.app/Contents/Developer/Platforms/MacOSX.platform/Developer/SDKs/MacOSX12.3.sdk/usr/local/include -internal-isystem /Applications/Xcode_13.3.0_rc1_fb.app/Contents/Developer/Toolchains/XcodeDefault.xctoolchain/usr/lib/clang/13.1.6/include -internal-externc-isystem /Applications/Xcode_13.3.0_rc1_fb.app/Contents/Developer/Platforms/MacOSX.platform/Developer/SDKs/MacOSX12.3.sdk/usr/include -internal-externc-isystem /Applications/Xcode_13.3.0_rc1_fb.app/Contents/Developer/Toolchains/XcodeDefault.xctoolchain/usr/include -Wno-reorder-init-list -Wno-implicit-int-float-conversion -Wno-c99-designator -Wno-final-dtor-non-final-class -Wno-extra-semi-stmt -Wno-misleading-indentation -Wno-quoted-include-in-framework-header -Wno-implicit-fallthrough -Wno-enum-enum-conversion -Wno-enum-float-conversion -Wno-elaborated-enum-base -Wno-reserved-identifier -Wno-gnu-folding-constant -Wno-objc-load-method -fdebug-compilation-dir=/Users/stumpos/code/bm_new/beanmachine/src/beanmachine/ppl/compiler/paic/mlir/bm_build/CMakeFiles/CMakeTmp -ferror-limit 19 -stack-protector 1 -fstack-check -mdarwin-stkchk-strong-link -fblocks -fencode-extended-block-signature -fregister-global-dtors-with-atexit -fgnuc-version=4.2.1 -fmax-type-align=16 -fcommon -clang-vendor-feature=+messageToSelfInClassMethodIdReturnType -clang-vendor-feature=+disableInferNewAvailabilityFromInit -clang-vendor-feature=+disableNonDependentMemberExprInCurrentInstantiation -fno-odr-hash-protocols -clang-vendor-feature=+enableAggressiveVLAFolding -clang-vendor-feature=+revert09abecef7bbf -clang-vendor-feature=+thisNoAlignAttr -clang-vendor-feature=+thisNoNullAttr -mllvm -disable-aligned-alloc-awareness=1 -D__GCC_HAVE_DWARF2_CFI_ASM=1 -o CMakeFiles/cmTC_fe072.dir/CMakeCCompilerABI.c.o -x c /Applications/CLion.app/Contents/bin/cmake/mac/share/cmake-3.22/Modules/CMakeCCompilerABI.c]
  ignore line: [clang -cc1 version 13.1.6 (clang-1316.0.21.2) default target x86_64-apple-darwin21.4.0]
  ignore line: [ignoring nonexistent directory "/Applications/Xcode_13.3.0_rc1_fb.app/Contents/Developer/Platforms/MacOSX.platform/Developer/SDKs/MacOSX12.3.sdk/usr/local/include"]
  ignore line: [ignoring nonexistent directory "/Applications/Xcode_13.3.0_rc1_fb.app/Contents/Developer/Platforms/MacOSX.platform/Developer/SDKs/MacOSX12.3.sdk/Library/Frameworks"]
  ignore line: [#include "..." search starts here:]
  ignore line: [#include <...> search starts here:]
  ignore line: [ /Applications/Xcode_13.3.0_rc1_fb.app/Contents/Developer/Toolchains/XcodeDefault.xctoolchain/usr/lib/clang/13.1.6/include]
  ignore line: [ /Applications/Xcode_13.3.0_rc1_fb.app/Contents/Developer/Platforms/MacOSX.platform/Developer/SDKs/MacOSX12.3.sdk/usr/include]
  ignore line: [ /Applications/Xcode_13.3.0_rc1_fb.app/Contents/Developer/Toolchains/XcodeDefault.xctoolchain/usr/include]
  ignore line: [ /Applications/Xcode_13.3.0_rc1_fb.app/Contents/Developer/Platforms/MacOSX.platform/Developer/SDKs/MacOSX12.3.sdk/System/Library/Frameworks (framework directory)]
  ignore line: [End of search list.]
  ignore line: [[2/2] Linking C executable cmTC_fe072]
  ignore line: [Apple clang version 13.1.6 (clang-1316.0.21.2)]
  ignore line: [Target: x86_64-apple-darwin21.4.0]
  ignore line: [Thread model: posix]
  ignore line: [InstalledDir: /Applications/Xcode_13.3.0_rc1_fb.app/Contents/Developer/Toolchains/XcodeDefault.xctoolchain/usr/bin]
  link line: [ "/Applications/Xcode_13.3.0_rc1_fb.app/Contents/Developer/Toolchains/XcodeDefault.xctoolchain/usr/bin/ld" -demangle -lto_library /Applications/Xcode_13.3.0_rc1_fb.app/Contents/Developer/Toolchains/XcodeDefault.xctoolchain/usr/lib/libLTO.dylib -dynamic -arch x86_64 -platform_version macos 12.0.0 12.3 -syslibroot /Applications/Xcode_13.3.0_rc1_fb.app/Contents/Developer/Platforms/MacOSX.platform/Developer/SDKs/MacOSX12.3.sdk -o cmTC_fe072 -search_paths_first -headerpad_max_install_names -v CMakeFiles/cmTC_fe072.dir/CMakeCCompilerABI.c.o -lSystem /Applications/Xcode_13.3.0_rc1_fb.app/Contents/Developer/Toolchains/XcodeDefault.xctoolchain/usr/lib/clang/13.1.6/lib/darwin/libclang_rt.osx.a]
    arg [/Applications/Xcode_13.3.0_rc1_fb.app/Contents/Developer/Toolchains/XcodeDefault.xctoolchain/usr/bin/ld] ==> ignore
    arg [-demangle] ==> ignore
    arg [-lto_library] ==> ignore, skip following value
    arg [/Applications/Xcode_13.3.0_rc1_fb.app/Contents/Developer/Toolchains/XcodeDefault.xctoolchain/usr/lib/libLTO.dylib] ==> skip value of -lto_library
    arg [-dynamic] ==> ignore
    arg [-arch] ==> ignore
    arg [x86_64] ==> ignore
    arg [-platform_version] ==> ignore
    arg [macos] ==> ignore
    arg [12.0.0] ==> ignore
    arg [12.3] ==> ignore
    arg [-syslibroot] ==> ignore
    arg [/Applications/Xcode_13.3.0_rc1_fb.app/Contents/Developer/Platforms/MacOSX.platform/Developer/SDKs/MacOSX12.3.sdk] ==> ignore
    arg [-o] ==> ignore
    arg [cmTC_fe072] ==> ignore
    arg [-search_paths_first] ==> ignore
    arg [-headerpad_max_install_names] ==> ignore
    arg [-v] ==> ignore
    arg [CMakeFiles/cmTC_fe072.dir/CMakeCCompilerABI.c.o] ==> ignore
    arg [-lSystem] ==> lib [System]
    arg [/Applications/Xcode_13.3.0_rc1_fb.app/Contents/Developer/Toolchains/XcodeDefault.xctoolchain/usr/lib/clang/13.1.6/lib/darwin/libclang_rt.osx.a] ==> lib [/Applications/Xcode_13.3.0_rc1_fb.app/Contents/Developer/Toolchains/XcodeDefault.xctoolchain/usr/lib/clang/13.1.6/lib/darwin/libclang_rt.osx.a]
  Library search paths: [;/Applications/Xcode_13.3.0_rc1_fb.app/Contents/Developer/Platforms/MacOSX.platform/Developer/SDKs/MacOSX12.3.sdk/usr/lib]
  Framework search paths: [;/Applications/Xcode_13.3.0_rc1_fb.app/Contents/Developer/Platforms/MacOSX.platform/Developer/SDKs/MacOSX12.3.sdk/System/Library/Frameworks/]
  remove lib [System]
  remove lib [/Applications/Xcode_13.3.0_rc1_fb.app/Contents/Developer/Toolchains/XcodeDefault.xctoolchain/usr/lib/clang/13.1.6/lib/darwin/libclang_rt.osx.a]
  collapse library dir [/Applications/Xcode_13.3.0_rc1_fb.app/Contents/Developer/Platforms/MacOSX.platform/Developer/SDKs/MacOSX12.3.sdk/usr/lib] ==> [/Applications/Xcode_13.3.0_rc1_fb.app/Contents/Developer/Platforms/MacOSX.platform/Developer/SDKs/MacOSX12.3.sdk/usr/lib]
  collapse framework dir [/Applications/Xcode_13.3.0_rc1_fb.app/Contents/Developer/Platforms/MacOSX.platform/Developer/SDKs/MacOSX12.3.sdk/System/Library/Frameworks/] ==> [/Applications/Xcode_13.3.0_rc1_fb.app/Contents/Developer/Platforms/MacOSX.platform/Developer/SDKs/MacOSX12.3.sdk/System/Library/Frameworks]
  implicit libs: []
  implicit objs: []
  implicit dirs: [/Applications/Xcode_13.3.0_rc1_fb.app/Contents/Developer/Platforms/MacOSX.platform/Developer/SDKs/MacOSX12.3.sdk/usr/lib]
  implicit fwks: [/Applications/Xcode_13.3.0_rc1_fb.app/Contents/Developer/Platforms/MacOSX.platform/Developer/SDKs/MacOSX12.3.sdk/System/Library/Frameworks]


Performing C SOURCE FILE Test Terminfo_LINKABLE succeeded with the following output:
Change Dir: /Users/stumpos/code/bm_new/beanmachine/src/beanmachine/ppl/compiler/paic/mlir/bm_build/CMakeFiles/CMakeTmp

Run Build Command(s):/usr/local/bin/ninja cmTC_05221 && [1/2] Building C object CMakeFiles/cmTC_05221.dir/src.c.o
[2/2] Linking C executable cmTC_05221


Source file was:

    int setupterm(char *term, int filedes, int *errret);
    int main() { return setupterm(0, 0, 0); }
Performing C++ SOURCE FILE Test HAS_FLTO succeeded with the following output:
Change Dir: /Users/stumpos/code/bm_new/beanmachine/src/beanmachine/ppl/compiler/paic/mlir/bm_build/CMakeFiles/CMakeTmp

Run Build Command(s):/usr/local/bin/ninja cmTC_67c9e && [1/2] Building CXX object CMakeFiles/cmTC_67c9e.dir/src.cxx.o
[2/2] Linking CXX executable cmTC_67c9e


Source file was:
int main() { return 0; }
Performing C++ SOURCE FILE Test HAS_FLTO_THIN succeeded with the following output:
Change Dir: /Users/stumpos/code/bm_new/beanmachine/src/beanmachine/ppl/compiler/paic/mlir/bm_build/CMakeFiles/CMakeTmp

Run Build Command(s):/usr/local/bin/ninja cmTC_44586 && [1/2] Building CXX object CMakeFiles/cmTC_44586.dir/src.cxx.o
[2/2] Linking CXX executable cmTC_44586


Source file was:
int main() { return 0; }
Performing C SOURCE FILE Test C_SUPPORTS_FPIC succeeded with the following output:
Change Dir: /Users/stumpos/code/bm_new/beanmachine/src/beanmachine/ppl/compiler/paic/mlir/bm_build/CMakeFiles/CMakeTmp

Run Build Command(s):/usr/local/bin/ninja cmTC_5c24b && [1/2] Building C object CMakeFiles/cmTC_5c24b.dir/src.c.o
[2/2] Linking C executable cmTC_5c24b


Source file was:
int main(void) { return 0; }
Performing C++ SOURCE FILE Test CXX_SUPPORTS_FPIC succeeded with the following output:
Change Dir: /Users/stumpos/code/bm_new/beanmachine/src/beanmachine/ppl/compiler/paic/mlir/bm_build/CMakeFiles/CMakeTmp

Run Build Command(s):/usr/local/bin/ninja cmTC_2d0e0 && [1/2] Building CXX object CMakeFiles/cmTC_2d0e0.dir/src.cxx.o
[2/2] Linking CXX executable cmTC_2d0e0


Source file was:
int main() { return 0; }
Performing C++ SOURCE FILE Test SUPPORTS_FVISIBILITY_INLINES_HIDDEN_FLAG succeeded with the following output:
Change Dir: /Users/stumpos/code/bm_new/beanmachine/src/beanmachine/ppl/compiler/paic/mlir/bm_build/CMakeFiles/CMakeTmp

Run Build Command(s):/usr/local/bin/ninja cmTC_bd061 && [1/2] Building CXX object CMakeFiles/cmTC_bd061.dir/src.cxx.o
[2/2] Linking CXX executable cmTC_bd061


Source file was:
int main() { return 0; }
Performing C SOURCE FILE Test C_SUPPORTS_WERROR_DATE_TIME succeeded with the following output:
Change Dir: /Users/stumpos/code/bm_new/beanmachine/src/beanmachine/ppl/compiler/paic/mlir/bm_build/CMakeFiles/CMakeTmp

Run Build Command(s):/usr/local/bin/ninja cmTC_2de4e && [1/2] Building C object CMakeFiles/cmTC_2de4e.dir/src.c.o
[2/2] Linking C executable cmTC_2de4e


Source file was:
int main(void) { return 0; }
Performing C++ SOURCE FILE Test CXX_SUPPORTS_WERROR_DATE_TIME succeeded with the following output:
Change Dir: /Users/stumpos/code/bm_new/beanmachine/src/beanmachine/ppl/compiler/paic/mlir/bm_build/CMakeFiles/CMakeTmp

Run Build Command(s):/usr/local/bin/ninja cmTC_47aac && [1/2] Building CXX object CMakeFiles/cmTC_47aac.dir/src.cxx.o
[2/2] Linking CXX executable cmTC_47aac


Source file was:
int main() { return 0; }
Performing C SOURCE FILE Test C_SUPPORTS_WERROR_UNGUARDED_AVAILABILITY_NEW succeeded with the following output:
Change Dir: /Users/stumpos/code/bm_new/beanmachine/src/beanmachine/ppl/compiler/paic/mlir/bm_build/CMakeFiles/CMakeTmp

Run Build Command(s):/usr/local/bin/ninja cmTC_f6e18 && [1/2] Building C object CMakeFiles/cmTC_f6e18.dir/src.c.o
[2/2] Linking C executable cmTC_f6e18


Source file was:
int main(void) { return 0; }
Performing C++ SOURCE FILE Test CXX_SUPPORTS_WERROR_UNGUARDED_AVAILABILITY_NEW succeeded with the following output:
Change Dir: /Users/stumpos/code/bm_new/beanmachine/src/beanmachine/ppl/compiler/paic/mlir/bm_build/CMakeFiles/CMakeTmp

Run Build Command(s):/usr/local/bin/ninja cmTC_2f953 && [1/2] Building CXX object CMakeFiles/cmTC_2f953.dir/src.cxx.o
[2/2] Linking CXX executable cmTC_2f953


Source file was:
int main() { return 0; }
Performing C++ SOURCE FILE Test CXX_SUPPORTS_MISSING_FIELD_INITIALIZERS_FLAG succeeded with the following output:
Change Dir: /Users/stumpos/code/bm_new/beanmachine/src/beanmachine/ppl/compiler/paic/mlir/bm_build/CMakeFiles/CMakeTmp

Run Build Command(s):/usr/local/bin/ninja cmTC_d48d6 && [1/2] Building CXX object CMakeFiles/cmTC_d48d6.dir/src.cxx.o
[2/2] Linking CXX executable cmTC_d48d6


Source file was:
int main() { return 0; }
Performing C SOURCE FILE Test C_SUPPORTS_IMPLICIT_FALLTHROUGH_FLAG succeeded with the following output:
Change Dir: /Users/stumpos/code/bm_new/beanmachine/src/beanmachine/ppl/compiler/paic/mlir/bm_build/CMakeFiles/CMakeTmp

Run Build Command(s):/usr/local/bin/ninja cmTC_c1b16 && [1/2] Building C object CMakeFiles/cmTC_c1b16.dir/src.c.o
[2/2] Linking C executable cmTC_c1b16


Source file was:
int main(void) { return 0; }
Performing C++ SOURCE FILE Test CXX_SUPPORTS_IMPLICIT_FALLTHROUGH_FLAG succeeded with the following output:
Change Dir: /Users/stumpos/code/bm_new/beanmachine/src/beanmachine/ppl/compiler/paic/mlir/bm_build/CMakeFiles/CMakeTmp

Run Build Command(s):/usr/local/bin/ninja cmTC_793e6 && [1/2] Building CXX object CMakeFiles/cmTC_793e6.dir/src.cxx.o
[2/2] Linking CXX executable cmTC_793e6


Source file was:
int main() { return 0; }
Performing C SOURCE FILE Test C_SUPPORTS_COVERED_SWITCH_DEFAULT_FLAG succeeded with the following output:
Change Dir: /Users/stumpos/code/bm_new/beanmachine/src/beanmachine/ppl/compiler/paic/mlir/bm_build/CMakeFiles/CMakeTmp

Run Build Command(s):/usr/local/bin/ninja cmTC_6d0b8 && [1/2] Building C object CMakeFiles/cmTC_6d0b8.dir/src.c.o
[2/2] Linking C executable cmTC_6d0b8


Source file was:
int main(void) { return 0; }
Performing C++ SOURCE FILE Test CXX_SUPPORTS_COVERED_SWITCH_DEFAULT_FLAG succeeded with the following output:
Change Dir: /Users/stumpos/code/bm_new/beanmachine/src/beanmachine/ppl/compiler/paic/mlir/bm_build/CMakeFiles/CMakeTmp

Run Build Command(s):/usr/local/bin/ninja cmTC_53e36 && [1/2] Building CXX object CMakeFiles/cmTC_53e36.dir/src.cxx.o
[2/2] Linking CXX executable cmTC_53e36


Source file was:
int main() { return 0; }
Performing C++ SOURCE FILE Test CXX_SUPPORTS_NOEXCEPT_TYPE_FLAG succeeded with the following output:
Change Dir: /Users/stumpos/code/bm_new/beanmachine/src/beanmachine/ppl/compiler/paic/mlir/bm_build/CMakeFiles/CMakeTmp

Run Build Command(s):/usr/local/bin/ninja cmTC_6f854 && [1/2] Building CXX object CMakeFiles/cmTC_6f854.dir/src.cxx.o
[2/2] Linking CXX executable cmTC_6f854


Source file was:
int main() { return 0; }
Performing C++ SOURCE FILE Test CXX_WONT_WARN_ON_FINAL_NONVIRTUALDTOR succeeded with the following output:
Change Dir: /Users/stumpos/code/bm_new/beanmachine/src/beanmachine/ppl/compiler/paic/mlir/bm_build/CMakeFiles/CMakeTmp

Run Build Command(s):/usr/local/bin/ninja cmTC_d8b44 && [1/2] Building CXX object CMakeFiles/cmTC_d8b44.dir/src.cxx.o
[2/2] Linking CXX executable cmTC_d8b44


Source file was:
class f {};
                             class base {friend f; public: virtual void anchor();protected: ~base();};
                             int main() { return 0; }
Performing C++ SOURCE FILE Test CXX_SUPPORTS_SUGGEST_OVERRIDE_FLAG succeeded with the following output:
Change Dir: /Users/stumpos/code/bm_new/beanmachine/src/beanmachine/ppl/compiler/paic/mlir/bm_build/CMakeFiles/CMakeTmp

Run Build Command(s):/usr/local/bin/ninja cmTC_6e9ae && [1/2] Building CXX object CMakeFiles/cmTC_6e9ae.dir/src.cxx.o
[2/2] Linking CXX executable cmTC_6e9ae


Source file was:
int main() { return 0; }
Performing C++ SOURCE FILE Test CXX_WSUGGEST_OVERRIDE_ALLOWS_ONLY_FINAL succeeded with the following output:
Change Dir: /Users/stumpos/code/bm_new/beanmachine/src/beanmachine/ppl/compiler/paic/mlir/bm_build/CMakeFiles/CMakeTmp

Run Build Command(s):/usr/local/bin/ninja cmTC_e88f6 && [1/2] Building CXX object CMakeFiles/cmTC_e88f6.dir/src.cxx.o
/Users/stumpos/code/bm_new/beanmachine/src/beanmachine/ppl/compiler/paic/mlir/bm_build/CMakeFiles/CMakeTmp/src.cxx:1:7: warning: 'base' has virtual functions but non-virtual destructor [-Wnon-virtual-dtor]
class base {public: virtual void anchor();};
      ^
/Users/stumpos/code/bm_new/beanmachine/src/beanmachine/ppl/compiler/paic/mlir/bm_build/CMakeFiles/CMakeTmp/src.cxx:2:38: warning: 'derived' has virtual functions but non-virtual destructor [-Wnon-virtual-dtor]
                               class derived : base {public: void anchor() final;};
                                     ^
2 warnings generated.
[2/2] Linking CXX executable cmTC_e88f6


Source file was:
class base {public: virtual void anchor();};
                               class derived : base {public: void anchor() final;};
                               int main() { return 0; }
Performing C SOURCE FILE Test C_WCOMMENT_ALLOWS_LINE_WRAP succeeded with the following output:
Change Dir: /Users/stumpos/code/bm_new/beanmachine/src/beanmachine/ppl/compiler/paic/mlir/bm_build/CMakeFiles/CMakeTmp

Run Build Command(s):/usr/local/bin/ninja cmTC_18b4c && [1/2] Building C object CMakeFiles/cmTC_18b4c.dir/src.c.o
[2/2] Linking C executable cmTC_18b4c


Source file was:
// \
//
int main() {return 0;}
Performing C SOURCE FILE Test C_SUPPORTS_STRING_CONVERSION_FLAG succeeded with the following output:
Change Dir: /Users/stumpos/code/bm_new/beanmachine/src/beanmachine/ppl/compiler/paic/mlir/bm_build/CMakeFiles/CMakeTmp

Run Build Command(s):/usr/local/bin/ninja cmTC_e6625 && [1/2] Building C object CMakeFiles/cmTC_e6625.dir/src.c.o
[2/2] Linking C executable cmTC_e6625


Source file was:
int main(void) { return 0; }
Performing C++ SOURCE FILE Test CXX_SUPPORTS_STRING_CONVERSION_FLAG succeeded with the following output:
Change Dir: /Users/stumpos/code/bm_new/beanmachine/src/beanmachine/ppl/compiler/paic/mlir/bm_build/CMakeFiles/CMakeTmp

Run Build Command(s):/usr/local/bin/ninja cmTC_ce6a8 && [1/2] Building CXX object CMakeFiles/cmTC_ce6a8.dir/src.cxx.o
[2/2] Linking CXX executable cmTC_ce6a8


Source file was:
int main() { return 0; }
Performing C SOURCE FILE Test C_SUPPORTS_MISLEADING_INDENTATION_FLAG succeeded with the following output:
Change Dir: /Users/stumpos/code/bm_new/beanmachine/src/beanmachine/ppl/compiler/paic/mlir/bm_build/CMakeFiles/CMakeTmp

Run Build Command(s):/usr/local/bin/ninja cmTC_6e1a2 && [1/2] Building C object CMakeFiles/cmTC_6e1a2.dir/src.c.o
[2/2] Linking C executable cmTC_6e1a2


Source file was:
int main(void) { return 0; }
Performing C++ SOURCE FILE Test CXX_SUPPORTS_MISLEADING_INDENTATION_FLAG succeeded with the following output:
Change Dir: /Users/stumpos/code/bm_new/beanmachine/src/beanmachine/ppl/compiler/paic/mlir/bm_build/CMakeFiles/CMakeTmp

Run Build Command(s):/usr/local/bin/ninja cmTC_016f2 && [1/2] Building CXX object CMakeFiles/cmTC_016f2.dir/src.cxx.o
[2/2] Linking CXX executable cmTC_016f2


Source file was:
int main() { return 0; }
Determining if the os_signpost_interval_begin exist passed with the following output:
Change Dir: /Users/stumpos/code/bm_new/beanmachine/src/beanmachine/ppl/compiler/paic/mlir/bm_build/CMakeFiles/CMakeTmp

Run Build Command(s):/usr/local/bin/ninja cmTC_99b98 && [1/2] Building C object CMakeFiles/cmTC_99b98.dir/CheckSymbolExists.c.o
[2/2] Linking C executable cmTC_99b98


File /Users/stumpos/code/bm_new/beanmachine/src/beanmachine/ppl/compiler/paic/mlir/bm_build/CMakeFiles/CMakeTmp/CheckSymbolExists.c:
/* */
#include <os/signpost.h>

int main(int argc, char** argv)
{
  (void)argv;
#ifndef os_signpost_interval_begin
  return ((int*)(&os_signpost_interval_begin))[argc];
#else
  (void)argc;
  return 0;
#endif
}
Performing C++ SOURCE FILE Test macos_signposts_usable succeeded with the following output:
Change Dir: /Users/stumpos/code/bm_new/beanmachine/src/beanmachine/ppl/compiler/paic/mlir/bm_build/CMakeFiles/CMakeTmp

Run Build Command(s):/usr/local/bin/ninja cmTC_01179 && [1/2] Building CXX object CMakeFiles/cmTC_01179.dir/src.cxx.o
[2/2] Linking CXX executable cmTC_01179


Source file was:
#include <os/signpost.h>
    int main() { os_signpost_interval_begin(nullptr, 0, "", ""); return 0; }
