Compiling the CXX compiler identification source file "CMakeCXXCompilerId.cpp" failed.
Compiler: /Applications/Xcode_13.3.0_rc1_fb.app/Contents/Developer/Toolchains/XcodeDefault.xctoolchain/usr/bin/c++ 
Build flags: 
Id flags:  

The output was:
1
ld: library not found for -lc++
clang: error: linker command failed with exit code 1 (use -v to see invocation)


Compiling the C compiler identification source file "CMakeCCompilerId.c" failed.
Compiler: /Applications/Xcode_13.3.0_rc1_fb.app/Contents/Developer/Toolchains/XcodeDefault.xctoolchain/usr/bin/cc 
Build flags: 
Id flags:  

The output was:
1
ld: library not found for -lSystem
clang: error: linker command failed with exit code 1 (use -v to see invocation)


Performing C++ SOURCE FILE Test CXX_SUPPORTS_CLASS_MEMACCESS_FLAG failed with the following output:
Change Dir: /Users/stumpos/code/bm_new/beanmachine/src/beanmachine/ppl/compiler/paic/mlir/bm_build/CMakeFiles/CMakeTmp

Run Build Command(s):/usr/local/bin/ninja cmTC_5e6fa && [1/2] Building CXX object CMakeFiles/cmTC_5e6fa.dir/src.cxx.o
warning: unknown warning option '-Wclass-memaccess'; did you mean '-Wclass-varargs'? [-Wunknown-warning-option]
1 warning generated.
[2/2] Linking CXX executable cmTC_5e6fa


Source file was:
int main() { return 0; }
Performing C++ SOURCE FILE Test LINKER_SUPPORTS_COLOR_DIAGNOSTICS failed with the following output:
Change Dir: /Users/stumpos/code/bm_new/beanmachine/src/beanmachine/ppl/compiler/paic/mlir/bm_build/CMakeFiles/CMakeTmp

Run Build Command(s):/usr/local/bin/ninja cmTC_569f2 && [1/2] Building CXX object CMakeFiles/cmTC_569f2.dir/src.cxx.o
[2/2] Linking CXX executable cmTC_569f2
FAILED: cmTC_569f2 
: && /Applications/Xcode_13.3.0_rc1_fb.app/Contents/Developer/Toolchains/XcodeDefault.xctoolchain/usr/bin/c++ -fPIC -fvisibility-inlines-hidden -Werror=date-time -Werror=unguarded-availability-new -Wall -Wextra -Wno-unused-parameter -Wwrite-strings -Wcast-qual -Wmissing-field-initializers -Wimplicit-fallthrough -Wcovered-switch-default -Wno-noexcept-type -Wnon-virtual-dtor -Wdelete-non-virtual-dtor -Wsuggest-override -Wstring-conversion -Wmisleading-indentation -fdiagnostics-color  -isysroot /Applications/Xcode_13.3.0_rc1_fb.app/Contents/Developer/Platforms/MacOSX.platform/Developer/SDKs/MacOSX12.3.sdk -Wl,-search_paths_first -Wl,-headerpad_max_install_names -Wl,--color-diagnostics CMakeFiles/cmTC_569f2.dir/src.cxx.o -o cmTC_569f2   && :
ld: unknown option: --color-diagnostics
clang: error: linker command failed with exit code 1 (use -v to see invocation)
ninja: build stopped: subcommand failed.


Source file was:
int main() { return 0; }
